[Licensing::Module] Trying to connect to existing licensing client channel...
Built from '6000.3/staging' branch; Version is '6000.3.15f1 (c1aa84e375f6) revision 12692100'; Using compiler version '194234433'; Build Type 'Release'
[Licensing::IpcConnector] Successfully connected to: "LicenseClient-Admin" at "2026-05-18T12:18:09.1289441Z"
OS: 'Windows 10  (10.0.19042) 64bit Core' Language: 'ko' Physical Memory: 32600 MB
BatchMode: 1, IsHumanControllingUs: 0, StartBugReporterOnCrash: 0, Is64bit: 1
System  architecture: x64
Process architecture: x64
Date: 2026-05-18T12:18:09Z

COMMAND LINE ARGUMENTS:
C:\Program Files\Unity\Hub\Editor\6000.3.15f1\Editor\Unity.exe
-adb2
-batchMode
-noUpm
-name
AssetImportWorker2
-projectPath
C:/Users/Administrator/Desktop/Game-Engine
-logFile
Logs/AssetImportWorker2.log
-srvPort
50607
-licensingIpc
LicenseClient-Admin
-job-worker-count
5
-background-job-worker-count
8
-gc-helper-count
1
-name
AssetImport
Successfully changed project path to: C:/Users/Administrator/Desktop/Game-Engine
C:/Users/Administrator/Desktop/Game-Engine
[UnityMemory] Configuration Parameters - Can be set up in boot.config
    "memorysetup-temp-allocator-size-nav-mesh-worker=65536"
    "memorysetup-temp-allocator-size-audio-worker=65536"
    "memorysetup-temp-allocator-size-gfx=262144"
    "memorysetup-allocator-temp-initial-block-size-main=262144"
    "memorysetup-allocator-temp-initial-block-size-worker=262144"
    "memorysetup-temp-allocator-size-background-worker=32768"
    "memorysetup-temp-allocator-size-job-worker=262144"
    "memorysetup-temp-allocator-size-preload-manager=33554432"
    "memorysetup-temp-allocator-size-gi-baking-worker=262144"
    "memorysetup-temp-allocator-size-gi-baking-worker=262144"
    "memorysetup-temp-allocator-size-gi-baking-worker=262144"
    "memorysetup-temp-allocator-size-gi-baking-worker=262144"
    "memorysetup-temp-allocator-size-gi-baking-worker=262144"
    "memorysetup-bucket-allocator-granularity=16"
    "memorysetup-bucket-allocator-bucket-count=8"
    "memorysetup-bucket-allocator-block-size=33554432"
    "memorysetup-bucket-allocator-block-count=8"
    "memorysetup-main-allocator-block-size=16777216"
    "memorysetup-thread-allocator-block-size=16777216"
    "memorysetup-gfx-main-allocator-block-size=16777216"
    "memorysetup-gfx-thread-allocator-block-size=16777216"
    "memorysetup-cache-allocator-block-size=4194304"
    "memorysetup-typetree-allocator-block-size=2097152"
    "memorysetup-profiler-bucket-allocator-granularity=16"
    "memorysetup-profiler-bucket-allocator-bucket-count=8"
    "memorysetup-profiler-bucket-allocator-block-size=33554432"
    "memorysetup-profiler-bucket-allocator-block-count=8"
    "memorysetup-profiler-allocator-block-size=16777216"
    "memorysetup-profiler-editor-allocator-block-size=1048576"
    "memorysetup-temp-allocator-size-main=16777216"
    "memorysetup-job-temp-allocator-block-size=2097152"
    "memorysetup-job-temp-allocator-block-size-background=1048576"
    "memorysetup-job-temp-allocator-reduction-small-platforms=262144"
    "memorysetup-temp-allocator-size-cloud-worker=32768"
Player connection [23580]  Target information:

Player connection [23580]  * "[IP] 192.168.75.186 [Port] 0 [Flags] 2 [Guid] 3941691696 [EditorId] 3941691696 [Version] 1048832 [Id] WindowsEditor(7,Admin) [Debug] 1 [PackageName] WindowsEditor [ProjectName] Editor" 

Player connection [23580] Host joined multi-casting on [225.0.0.222:54997]...
Player connection [23580] Host joined alternative multi-casting on [225.0.0.222:34997]...
JobSystem: Creating JobQueue using job-worker-count value 5
Input System module state changed to: Initialized.
[Physics::Module] Initialized fallback backend.
[Physics::Module] Id: 0xdecafbad
Library Redirect Path: Library/
[Physics::Module] Selected backend.
[Physics::Module] Name: PhysX
[Physics::Module] Id: 0xf2b8ea05
[Physics::Module] SDK Version: 4.1.2
[Physics::Module] Integration Version: 1.0.0
[Physics::Module] Threading Mode: Multi-Threaded
Refreshing native plugins compatible for Editor in 0.00 ms, found 0 plugins.
Preloading 0 native plugins for Editor in 0.00 ms.
Initialize engine version: 6000.3.15f1 (c1aa84e375f6)
[Subsystems] Discovering subsystems at path C:/Program Files/Unity/Hub/Editor/6000.3.15f1/Editor/Data/Resources/UnitySubsystems
[Subsystems] Discovering subsystems at path C:/Users/Administrator/Desktop/Game-Engine/Assets
GfxDevice: creating device client; kGfxThreadingModeNonThreaded
Direct3D:
    Version:  Direct3D 11.0 [level 11.1]
    Renderer: NVIDIA GeForce RTX 4060 (ID=0x2882)
    Vendor:   NVIDIA
    VRAM:     7957 MB
    Driver:   32.0.15.6614
Initialize mono
Mono path[0] = 'C:/Program Files/Unity/Hub/Editor/6000.3.15f1/Editor/Data/Managed'
Mono path[1] = 'C:/Program Files/Unity/Hub/Editor/6000.3.15f1/Editor/Data/MonoBleedingEdge/lib/mono/unityjit-win32'
Mono config path = 'C:/Program Files/Unity/Hub/Editor/6000.3.15f1/Editor/Data/MonoBleedingEdge/etc'
Using monoOptions --debugger-agent=transport=dt_socket,embedding=1,server=y,suspend=n,address=127.0.0.1:56576
Begin MonoManager ReloadAssembly
Registering precompiled unity dll's ...
Register platform support module: C:/Program Files/Unity/Hub/Editor/6000.3.15f1/Editor/Data/PlaybackEngines/WindowsStandaloneSupport/UnityEditor.WindowsStandalone.Extensions.dll
[Licensing::Module] Licensing is not yet initialized.
[Licensing::Client] Error: HandshakeResponse reported an error:
	ResponseCode: 505
	ResponseStatus: Unsupported protocol version '1.18.1'.
[Licensing::Module] Error: Failed to handshake to channel: "LicenseClient-Admin"
[Licensing::IpcConnector] LicenseClient-Admin channel disconnected successfully.
[Licensing::IpcConnector] Successfully connected to: "LicenseClient-Admin-6000.3.15" at "2026-05-18T12:18:10.0941684Z"
[Licensing::Client] Code 10 while verifying Licensing Client signature (process Id: 20324, path: "C:/Program Files/Unity/Hub/Editor/6000.3.15f1/Editor/Data/Resources/Licensing/Client/Unity.Licensing.Client.exe")
[Licensing::Module] LicensingClient has failed validation; ignoring
[Licensing::Client] Handshaking with LicensingClient:
  Version:                 1.18.1+9fbee8e
  Session Id:              fde896e97b5c404986cdaae7616344af
  Correlation Id:          00e095a0bd75d364d498a6ed19d445aa
  External correlation Id: 825842468355925043
  Machine Id:              yTEWFmjPiEp4Sbu34Ix7hwDveoU=
[Licensing::Module] Successfully connected to LicensingClient on channel: "LicenseClient-Admin-6000.3.15" (connect: 0.00s, validation: 0.00s, handshake: 0.01s)
[Licensing::IpcConnector] Successfully connected to: "LicenseClient-Admin-6000.3.15-notifications" at "2026-05-18T12:18:10.1003766Z"
[Licensing::Module] Licensing Background thread has ended after 0.97s
[Licensing::Module] Licensing is initialized (took 0.35s).
[Licensing::Client] Successfully resolved entitlement details
[Licensing::Module] License group:
  Id: 14569749871362-UnityPersXXXX
  Product: Unity Personal
  Type: Assigned
  Expiration: Unlimited
Register platform support module: C:/Program Files/Unity/Hub/Editor/6000.3.15f1/Editor/Data/PlaybackEngines/iOSSupport/UnityEditor.iOS.Extensions.dll
Registered in 0.350864 seconds.
- Loaded All Assemblies, in  0.732 seconds
[usbmuxd] Start listen thread
[usbmuxd] Listen thread started
[usbmuxd] Send listen message
Native extension for iOS target not found
Native extension for WindowsStandalone target not found
Package Manager log level set to [2]
[Package Manager] Failed to launch server process. Reason: Unity was launched with the -noUpm command-line argument
[Package Manager] Unable to send message (not connected to server process).
[Package Manager] Cannot connect to Unity Package Manager local server
ScheduleIndexationOnStartup MainProcess:False IndexOnStartup:True
Mono: successfully reloaded assembly
- Finished resetting the current domain, in  0.351 seconds
Domain Reload Profiling: 1081ms
	BeginReloadAssembly (142ms)
		ExecutionOrderSort (0ms)
		DisableScriptedObjects (0ms)
		BackupInstance (0ms)
		ReleaseScriptingObjects (0ms)
		CreateAndSetChildDomain (1ms)
	RebuildCommonClasses (33ms)
	RebuildNativeTypeToScriptingClass (11ms)
	initialDomainReloadingComplete (389ms)
	LoadAllAssembliesAndSetupDomain (155ms)
		LoadAssemblies (140ms)
		RebuildTransferFunctionScriptingTraits (0ms)
		AnalyzeDomain (151ms)
			TypeCache.Refresh (150ms)
				TypeCache.ScanAssembly (137ms)
			BuildScriptInfoCaches (0ms)
			ResolveRequiredComponents (0ms)
	FinalizeReload (352ms)
		ReleaseScriptCaches (0ms)
		RebuildScriptCaches (0ms)
		SetupLoadedEditorAssemblies (322ms)
			LogAssemblyErrors (0ms)
			InitializePlatformSupportModulesInManaged (54ms)
			SetLoadedEditorAssemblies (3ms)
			BeforeProcessingInitializeOnLoad (73ms)
			ProcessInitializeOnLoadAttributes (124ms)
			ProcessInitializeOnLoadMethodAttributes (67ms)
			AfterProcessingInitializeOnLoad (0ms)
			EditorAssembliesLoaded (0ms)
		ExecutionOrderSort2 (0ms)
		AwakeInstancesAfterBackupRestoration (0ms)
========================================================================
Worker process is ready to serve import requests
Import Worker Mode flag is 0x00
Begin MonoManager ReloadAssembly
[Licensing::Client] Successfully resolved entitlement details
- Loaded All Assemblies, in  0.400 seconds
Refreshing native plugins compatible for Editor in 0.00 ms, found 0 plugins.
Native extension for iOS target not found
Native extension for WindowsStandalone target not found
[Package Manager] Failed to launch server process. Reason: Unity was launched with the -noUpm command-line argument
[Package Manager] Unable to send message (not connected to server process).
[Package Manager] Cannot connect to Unity Package Manager local server
ScheduleIndexationOnStartup MainProcess:False IndexOnStartup:True
Mono: successfully reloaded assembly
- Finished resetting the current domain, in  0.325 seconds
Domain Reload Profiling: 722ms
	BeginReloadAssembly (187ms)
		ExecutionOrderSort (0ms)
		DisableScriptedObjects (5ms)
		BackupInstance (0ms)
		ReleaseScriptingObjects (0ms)
		CreateAndSetChildDomain (24ms)
	RebuildCommonClasses (32ms)
	RebuildNativeTypeToScriptingClass (11ms)
	initialDomainReloadingComplete (32ms)
	LoadAllAssembliesAndSetupDomain (135ms)
		LoadAssemblies (219ms)
		RebuildTransferFunctionScriptingTraits (0ms)
		AnalyzeDomain (34ms)
			TypeCache.Refresh (24ms)
				TypeCache.ScanAssembly (17ms)
			BuildScriptInfoCaches (7ms)
			ResolveRequiredComponents (2ms)
	FinalizeReload (325ms)
		ReleaseScriptCaches (0ms)
		RebuildScriptCaches (0ms)
		SetupLoadedEditorAssemblies (236ms)
			LogAssemblyErrors (0ms)
			InitializePlatformSupportModulesInManaged (8ms)
			SetLoadedEditorAssemblies (3ms)
			BeforeProcessingInitializeOnLoad (83ms)
			ProcessInitializeOnLoadAttributes (102ms)
			ProcessInitializeOnLoadMethodAttributes (34ms)
			AfterProcessingInitializeOnLoad (6ms)
			EditorAssembliesLoaded (0ms)
		ExecutionOrderSort2 (0ms)
		AwakeInstancesAfterBackupRestoration (9ms)
Launched and connected shader compiler UnityShaderCompiler.exe after 0.01 seconds
Refreshing native plugins compatible for Editor in 0.00 ms, found 0 plugins.
Preloading 0 native plugins for Editor in 0.00 ms.
Unloading 0 Unused Serialized files (Serialized files now loaded: 0)
Unloading 854 unused Assets / (304.6 KB). Loaded Objects now: 1450.
Memory consumption went from 74.2 MB to 73.9 MB.
Total: 3.717600 ms (FindLiveObjects: 0.093800 ms CreateObjectMapping: 0.028600 ms MarkObjects: 3.318000 ms  DeleteObjects: 0.276100 ms)

========================================================================
Received Import Request.
  Time since last request: 84923.441693 seconds.
  path: Assets/Class4th (Animation)/Free Simple Dungeon Props - YP
  artifactKey: Guid(fb9cfd7754593c54f9879ca1d72594f8) Importer(2089858483,b0f066a214c2f5e87bad3c948f4d605d)
Start importing Assets/Class4th (Animation)/Free Simple Dungeon Props - YP using Guid(fb9cfd7754593c54f9879ca1d72594f8) Importer(2089858483,b0f066a214c2f5e87bad3c948f4d605d) (ScriptedImporter) -> (artifact id: '06edaebd70005853d290b7cbd1b25c0a') in 0.0608609 seconds
Number of updated asset objects reloaded before import = 0Number of asset objects unloaded after import = 1

========================================================================
Received Import Request.
  Time since last request: 0.000022 seconds.
  path: Assets/Class4th (Animation)/Free Simple Dungeon Props - YP/Models/Skull.fbx
  artifactKey: Guid(855a28afef6a1974e8682901dc6f1663) Importer(2089858483,b0f066a214c2f5e87bad3c948f4d605d)
Start importing Assets/Class4th (Animation)/Free Simple Dungeon Props - YP/Models/Skull.fbx using Guid(855a28afef6a1974e8682901dc6f1663) Importer(2089858483,b0f066a214c2f5e87bad3c948f4d605d) (ScriptedImporter) -> (artifact id: '710aa19311a576ee6aba624a41a17c92') in 0.0831307 seconds
Number of updated asset objects reloaded before import = 0Number of asset objects unloaded after import = 8

========================================================================
Received Import Request.
  Time since last request: 3.505635 seconds.
  path: Assets/Class4th (Animation)/Free Simple Dungeon Props - YP/Material and Texture/Gradient.mat
  artifactKey: Guid(2ac4507fdf3676345a0bceecb9455d53) Importer(815301076,1909f56bfc062723c751e8b465ee728b)
Start importing Assets/Class4th (Animation)/Free Simple Dungeon Props - YP/Material and Texture/Gradient.mat using Guid(2ac4507fdf3676345a0bceecb9455d53) Importer(815301076,1909f56bfc062723c751e8b465ee728b) (PreviewImporter) -> (artifact id: '68bacb1b524f6ec6611a4cd0bd26c32c') in 0.0906715 seconds
Number of updated asset objects reloaded before import = 0Number of asset objects unloaded after import = 2

========================================================================
Received Import Request.
  Time since last request: 0.463740 seconds.
  path: Assets/Class4th (Animation)/Free Simple Dungeon Props - YP/Models/Axe.fbx
  artifactKey: Guid(4c9de6c0471a16b4b83b8ce7ed101933) Importer(815301076,1909f56bfc062723c751e8b465ee728b)
Start importing Assets/Class4th (Animation)/Free Simple Dungeon Props - YP/Models/Axe.fbx using Guid(4c9de6c0471a16b4b83b8ce7ed101933) Importer(815301076,1909f56bfc062723c751e8b465ee728b) (PreviewImporter) -> (artifact id: '717b06875e5ac9249427d75a05e24a1b') in 0.1965599 seconds
Number of updated asset objects reloaded before import = 0Number of asset objects unloaded after import = 9

========================================================================
Received Import Request.
  Time since last request: 0.000034 seconds.
  path: Assets/Class4th (Animation)/Free Simple Dungeon Props - YP/Models/Treasure.fbx
  artifactKey: Guid(19030880274f94443b1f6ca3ca2bec22) Importer(815301076,1909f56bfc062723c751e8b465ee728b)
Start importing Assets/Class4th (Animation)/Free Simple Dungeon Props - YP/Models/Treasure.fbx using Guid(19030880274f94443b1f6ca3ca2bec22) Importer(815301076,1909f56bfc062723c751e8b465ee728b) (PreviewImporter) -> (artifact id: 'dd170653a6bced11e9115dec2eeaa411') in 0.0403724 seconds
Number of updated asset objects reloaded before import = 0Number of asset objects unloaded after import = 14

========================================================================
Received Import Request.
  Time since last request: 1.378446 seconds.
  path: Assets/Class4th (Animation)/Free Simple Dungeon Props - YP/Prefabs/Axe.prefab
  artifactKey: Guid(953102c45e2562749a6228624ca09bec) Importer(815301076,1909f56bfc062723c751e8b465ee728b)
Start importing Assets/Class4th (Animation)/Free Simple Dungeon Props - YP/Prefabs/Axe.prefab using Guid(953102c45e2562749a6228624ca09bec) Importer(815301076,1909f56bfc062723c751e8b465ee728b) (PreviewImporter) -> (artifact id: '18a6d09e10e73b2be84539cd4508f133') in 0.012601 seconds
Number of updated asset objects reloaded before import = 0Number of asset objects unloaded after import = 10

========================================================================
Received Import Request.
  Time since last request: 0.000035 seconds.
  path: Assets/Class4th (Animation)/Free Simple Dungeon Props - YP/Prefabs/Skull.prefab
  artifactKey: Guid(e372613f29e62004185511716293b7ce) Importer(815301076,1909f56bfc062723c751e8b465ee728b)
Start importing Assets/Class4th (Animation)/Free Simple Dungeon Props - YP/Prefabs/Skull.prefab using Guid(e372613f29e62004185511716293b7ce) Importer(815301076,1909f56bfc062723c751e8b465ee728b) (PreviewImporter) -> (artifact id: '943f65edc748eb1d3aa5ab98df268140') in 0.0155985 seconds
Number of updated asset objects reloaded before import = 0Number of asset objects unloaded after import = 10

========================================================================
Received Import Request.
  Time since last request: 8.434621 seconds.
  path: Assets/Class4th (Animation)/Free Simple Dungeon Props - YP/Models
  artifactKey: Guid(f3bc05f21bc931b458c35991e68cd447) Importer(815301076,1909f56bfc062723c751e8b465ee728b)
Start importing Assets/Class4th (Animation)/Free Simple Dungeon Props - YP/Models using Guid(f3bc05f21bc931b458c35991e68cd447) Importer(815301076,1909f56bfc062723c751e8b465ee728b) (PreviewImporter) -> (artifact id: '5f2f5775d1e16cf00687ec9983486b1f') in 0.0004548 seconds
Number of updated asset objects reloaded before import = 0Number of asset objects unloaded after import = 0

========================================================================
Received Import Request.
  Time since last request: 101.744502 seconds.
  path: Assets/Class4th (Animation)/Free Simple Dungeon Props - YP/Material and Texture/Gradient.mat
  artifactKey: Guid(2ac4507fdf3676345a0bceecb9455d53) Importer(815301076,1909f56bfc062723c751e8b465ee728b)
Start importing Assets/Class4th (Animation)/Free Simple Dungeon Props - YP/Material and Texture/Gradient.mat using Guid(2ac4507fdf3676345a0bceecb9455d53) Importer(815301076,1909f56bfc062723c751e8b465ee728b) (PreviewImporter) -> (artifact id: '5d73dcceb6e76462824fece9a760e9b3') in 0.0960688 seconds
Number of updated asset objects reloaded before import = 0Number of asset objects unloaded after import = 2

========================================================================
Received Import Request.
  Time since last request: 0.894068 seconds.
  path: Assets/Class4th (Animation)/Free Simple Dungeon Props - YP/Material and Texture/Gradient.mat
  artifactKey: Guid(2ac4507fdf3676345a0bceecb9455d53) Importer(2089858483,b0f066a214c2f5e87bad3c948f4d605d)
Start importing Assets/Class4th (Animation)/Free Simple Dungeon Props - YP/Material and Texture/Gradient.mat using Guid(2ac4507fdf3676345a0bceecb9455d53) Importer(2089858483,b0f066a214c2f5e87bad3c948f4d605d) (ScriptedImporter) -> (artifact id: 'e0796d2a9d462f12d09ff05ffa3630e8') in 0.0098944 seconds
Number of updated asset objects reloaded before import = 0Number of asset objects unloaded after import = 2

========================================================================
Received Import Request.
  Time since last request: 1.004511 seconds.
  path: Assets/Class4th (Animation)/Free Simple Dungeon Props - YP/Models/Axe.fbx
  artifactKey: Guid(4c9de6c0471a16b4b83b8ce7ed101933) Importer(815301076,1909f56bfc062723c751e8b465ee728b)
Start importing Assets/Class4th (Animation)/Free Simple Dungeon Props - YP/Models/Axe.fbx using Guid(4c9de6c0471a16b4b83b8ce7ed101933) Importer(815301076,1909f56bfc062723c751e8b465ee728b) (PreviewImporter) -> (artifact id: '0c0710200f7b8df46de38ff9f5ce7b7f') in 0.0154098 seconds
Number of updated asset objects reloaded before import = 0Number of asset objects unloaded after import = 9

========================================================================
Received Import Request.
  Time since last request: 0.001890 seconds.
  path: Assets/Class4th (Animation)/Free Simple Dungeon Props - YP/Models/Jar.fbx
  artifactKey: Guid(75912392ac3d0b248a4208585e04a588) Importer(815301076,1909f56bfc062723c751e8b465ee728b)
Start importing Assets/Class4th (Animation)/Free Simple Dungeon Props - YP/Models/Jar.fbx using Guid(75912392ac3d0b248a4208585e04a588) Importer(815301076,1909f56bfc062723c751e8b465ee728b) (PreviewImporter) -> (artifact id: '2251c7fae68abcfd0c09c1d30c01c003') in 0.0192985 seconds
Number of updated asset objects reloaded before import = 0Number of asset objects unloaded after import = 9

========================================================================
Received Import Request.
  Time since last request: 0.000023 seconds.
  path: Assets/Class4th (Animation)/Free Simple Dungeon Props - YP/Models/Treasure.fbx
  artifactKey: Guid(19030880274f94443b1f6ca3ca2bec22) Importer(815301076,1909f56bfc062723c751e8b465ee728b)
Start importing Assets/Class4th (Animation)/Free Simple Dungeon Props - YP/Models/Treasure.fbx using Guid(19030880274f94443b1f6ca3ca2bec22) Importer(815301076,1909f56bfc062723c751e8b465ee728b) (PreviewImporter) -> (artifact id: 'b9b9665bfa0d3030e0d6ad52b686746d') in 0.0202214 seconds
Number of updated asset objects reloaded before import = 0Number of asset objects unloaded after import = 14

========================================================================
Received Import Request.
  Time since last request: 0.000019 seconds.
  path: Assets/Class4th (Animation)/Free Simple Dungeon Props - YP/Models/Shield.fbx
  artifactKey: Guid(d40827398f8b5e84891e6ce713678e75) Importer(815301076,1909f56bfc062723c751e8b465ee728b)
Start importing Assets/Class4th (Animation)/Free Simple Dungeon Props - YP/Models/Shield.fbx using Guid(d40827398f8b5e84891e6ce713678e75) Importer(815301076,1909f56bfc062723c751e8b465ee728b) (PreviewImporter) -> (artifact id: '8c910c8f0c89113bf355ba1e07a276c9') in 0.0138852 seconds
Number of updated asset objects reloaded before import = 0Number of asset objects unloaded after import = 9

========================================================================
Received Import Request.
  Time since last request: 0.000023 seconds.
  path: Assets/Class4th (Animation)/Free Simple Dungeon Props - YP/Models/Skull.fbx
  artifactKey: Guid(855a28afef6a1974e8682901dc6f1663) Importer(815301076,1909f56bfc062723c751e8b465ee728b)
Start importing Assets/Class4th (Animation)/Free Simple Dungeon Props - YP/Models/Skull.fbx using Guid(855a28afef6a1974e8682901dc6f1663) Importer(815301076,1909f56bfc062723c751e8b465ee728b) (PreviewImporter) -> (artifact id: 'c003fb9935f6459964d2c999e2595f95') in 0.0137141 seconds
Number of updated asset objects reloaded before import = 0Number of asset objects unloaded after import = 9

========================================================================
Received Import Request.
  Time since last request: 3.941028 seconds.
  path: Assets/Class4th (Animation)/Free Simple Dungeon Props - YP/Prefabs/Axe.prefab
  artifactKey: Guid(953102c45e2562749a6228624ca09bec) Importer(815301076,1909f56bfc062723c751e8b465ee728b)
Start importing Assets/Class4th (Animation)/Free Simple Dungeon Props - YP/Prefabs/Axe.prefab using Guid(953102c45e2562749a6228624ca09bec) Importer(815301076,1909f56bfc062723c751e8b465ee728b) (PreviewImporter) -> (artifact id: 'f7447de186e555496f37745c98a9a83c') in 0.0168325 seconds
Number of updated asset objects reloaded before import = 0Number of asset objects unloaded after import = 10

========================================================================
Received Import Request.
  Time since last request: 0.000015 seconds.
  path: Assets/Class4th (Animation)/Free Simple Dungeon Props - YP/Prefabs/Skull.prefab
  artifactKey: Guid(e372613f29e62004185511716293b7ce) Importer(815301076,1909f56bfc062723c751e8b465ee728b)
Start importing Assets/Class4th (Animation)/Free Simple Dungeon Props - YP/Prefabs/Skull.prefab using Guid(e372613f29e62004185511716293b7ce) Importer(815301076,1909f56bfc062723c751e8b465ee728b) (PreviewImporter) -> (artifact id: '5d07046ab4e66da9e9b45f174512ede0') in 0.0175008 seconds
Number of updated asset objects reloaded before import = 0Number of asset objects unloaded after import = 10

========================================================================
Received Import Request.
  Time since last request: 0.000022 seconds.
  path: Assets/Class4th (Animation)/Free Simple Dungeon Props - YP/Prefabs/Treasure_lid.prefab
  artifactKey: Guid(875a085e562c30d4790d58ee0a1420a0) Importer(815301076,1909f56bfc062723c751e8b465ee728b)
Start importing Assets/Class4th (Animation)/Free Simple Dungeon Props - YP/Prefabs/Treasure_lid.prefab using Guid(875a085e562c30d4790d58ee0a1420a0) Importer(815301076,1909f56bfc062723c751e8b465ee728b) (PreviewImporter) -> (artifact id: 'a21b93ccb254f7f1218d31689a3771e7') in 0.0419264 seconds
Number of updated asset objects reloaded before import = 0Number of asset objects unloaded after import = 10

Editor requested this worker to shutdown with reason: Scaling down because of idle timeout
AssetImportWorker is now disconnected from the server
Process exiting
Exiting without the bug reporter. Application will terminate with return code 0